
2022/05/01 22:45:19 [emerg] 1#1: host not found in upstream "auth_api" in /etc/nginx/conf.d/default.conf:21
2022/05/01 22:48:24 [notice] 1#1: using the "epoll" event method
2022/05/01 22:48:24 [notice] 1#1: nginx/1.21.6
2022/05/01 22:48:24 [notice] 1#1: built by gcc 10.3.1 20211027 (Alpine 10.3.1_git20211027) 
2022/05/01 22:48:24 [notice] 1#1: OS: Linux 5.10.16.3-microsoft-standard-WSL2
2022/05/01 22:48:24 [notice] 1#1: getrlimit(RLIMIT_NOFILE): 1048576:1048576
2022/05/01 22:48:24 [notice] 1#1: start worker processes
2022/05/01 22:48:24 [notice] 1#1: start worker process 31
2022/05/01 22:48:24 [notice] 1#1: start worker process 32
2022/05/01 22:48:24 [notice] 1#1: start worker process 33
2022/05/01 22:48:24 [notice] 1#1: start worker process 34
2022/05/01 22:48:53 [error] 32#32: *2 "/usr/share/nginx/html/users/index.html" is not found (2: No such file or directory), client: 172.23.0.1, server: www.test.com, request: "GET /users/ HTTP/1.1", host: "localhost:8000"
2022/05/01 22:48:53 [error] 32#32: *2 open() "/usr/share/nginx/html/404.html" failed (2: No such file or directory), client: 172.23.0.1, server: www.test.com, request: "GET /users/ HTTP/1.1", host: "localhost:8000"
2022/05/01 22:48:53 [error] 32#32: *2 open() "/usr/share/nginx/html/favicon.ico" failed (2: No such file or directory), client: 172.23.0.1, server: www.test.com, request: "GET /favicon.ico HTTP/1.1", host: "localhost:8000", referrer: "http://localhost:8000/users/"
2022/05/01 22:48:53 [error] 32#32: *2 open() "/usr/share/nginx/html/404.html" failed (2: No such file or directory), client: 172.23.0.1, server: www.test.com, request: "GET /favicon.ico HTTP/1.1", host: "localhost:8000", referrer: "http://localhost:8000/users/"
2022/05/01 22:48:56 [error] 32#32: *2 "/usr/share/nginx/html/users/index.html" is not found (2: No such file or directory), client: 172.23.0.1, server: www.test.com, request: "GET /users/ HTTP/1.1", host: "localhost:8000"
2022/05/01 22:48:56 [error] 32#32: *2 open() "/usr/share/nginx/html/404.html" failed (2: No such file or directory), client: 172.23.0.1, server: www.test.com, request: "GET /users/ HTTP/1.1", host: "localhost:8000"
2022/05/02 00:00:07 [notice] 1#1: signal 3 (SIGQUIT) received, shutting down
2022/05/02 00:00:07 [notice] 32#32: gracefully shutting down
2022/05/02 00:00:07 [notice] 34#34: gracefully shutting down
2022/05/02 00:00:07 [notice] 31#31: gracefully shutting down
2022/05/02 00:00:07 [notice] 34#34: exiting
2022/05/02 00:00:07 [notice] 32#32: exiting
2022/05/02 00:00:07 [notice] 33#33: gracefully shutting down
2022/05/02 00:00:07 [notice] 33#33: exiting
2022/05/02 00:00:07 [notice] 33#33: exit
2022/05/02 00:00:07 [notice] 34#34: exit
2022/05/02 00:00:07 [notice] 32#32: exit
2022/05/02 00:00:07 [notice] 31#31: exiting
2022/05/02 00:00:07 [notice] 31#31: exit
2022/05/02 00:00:08 [notice] 1#1: signal 17 (SIGCHLD) received from 34
2022/05/02 00:00:08 [notice] 1#1: worker process 34 exited with code 0
2022/05/02 00:00:08 [notice] 1#1: signal 29 (SIGIO) received
2022/05/02 00:00:08 [notice] 1#1: signal 17 (SIGCHLD) received from 31
2022/05/02 00:00:08 [notice] 1#1: worker process 31 exited with code 0
2022/05/02 00:00:08 [notice] 1#1: worker process 32 exited with code 0
2022/05/02 00:00:08 [notice] 1#1: worker process 33 exited with code 0
2022/05/02 00:00:08 [notice] 1#1: exit
2022/05/03 19:19:06 [notice] 1#1: using the "epoll" event method
2022/05/03 19:19:06 [notice] 1#1: nginx/1.21.6
2022/05/03 19:19:06 [notice] 1#1: built by gcc 10.3.1 20211027 (Alpine 10.3.1_git20211027) 
2022/05/03 19:19:06 [notice] 1#1: OS: Linux 5.10.16.3-microsoft-standard-WSL2
2022/05/03 19:19:06 [notice] 1#1: getrlimit(RLIMIT_NOFILE): 1048576:1048576
2022/05/03 19:19:06 [notice] 1#1: start worker processes
2022/05/03 19:19:06 [notice] 1#1: start worker process 31
2022/05/03 19:19:06 [notice] 1#1: start worker process 32
2022/05/03 19:19:06 [notice] 1#1: start worker process 33
2022/05/03 19:19:06 [notice] 1#1: start worker process 34
2022/05/03 19:28:13 [notice] 1#1: signal 3 (SIGQUIT) received, shutting down
2022/05/03 19:28:13 [notice] 31#31: gracefully shutting down
2022/05/03 19:28:14 [notice] 33#33: gracefully shutting down
2022/05/03 19:28:14 [notice] 32#32: gracefully shutting down
2022/05/03 19:28:14 [notice] 34#34: gracefully shutting down
2022/05/03 19:28:14 [notice] 33#33: exiting
2022/05/03 19:28:14 [notice] 34#34: exiting
2022/05/03 19:28:14 [notice] 32#32: exiting
2022/05/03 19:28:13 [notice] 31#31: exiting
2022/05/03 19:28:14 [notice] 34#34: exit
2022/05/03 19:28:14 [notice] 33#33: exit
2022/05/03 19:28:14 [notice] 32#32: exit
2022/05/03 19:28:13 [notice] 31#31: exit
2022/05/03 19:28:15 [notice] 1#1: signal 17 (SIGCHLD) received from 34
2022/05/03 19:28:15 [notice] 1#1: worker process 31 exited with code 0
2022/05/03 19:28:15 [notice] 1#1: worker process 33 exited with code 0
2022/05/03 19:28:15 [notice] 1#1: worker process 34 exited with code 0
2022/05/03 19:28:15 [notice] 1#1: signal 29 (SIGIO) received
2022/05/03 19:28:15 [notice] 1#1: signal 17 (SIGCHLD) received from 33
2022/05/03 19:28:15 [notice] 1#1: signal 17 (SIGCHLD) received from 32
2022/05/03 19:28:15 [notice] 1#1: worker process 32 exited with code 0
2022/05/03 19:28:15 [notice] 1#1: exit
